<?xml version="1.0" encoding="UTF-8"?>
<testng-results ignored="0" total="1" passed="1" failed="0" skipped="0">
  <reporter-output>
  </reporter-output>
  <suite started-at="2023-04-25T21:30:31 CDT" name="Default suite" finished-at="2023-04-25T21:30:38 CDT" duration-ms="6420">
    <groups>
    </groups>
    <test started-at="2023-04-25T21:30:31 CDT" name="Default test" finished-at="2023-04-25T21:30:38 CDT" duration-ms="6420">
      <class name="Mavenpackage.Maven2">
        <test-method signature="Seleniumtest()[pri:0, instance:Mavenpackage.Maven2@429bffaa]" started-at="2023-04-25T21:30:31 CDT" name="Seleniumtest" finished-at="2023-04-25T21:30:38 CDT" duration-ms="6372" status="PASS">
          <reporter-output>
          </reporter-output>
        </test-method> <!-- Seleniumtest -->
      </class> <!-- Mavenpackage.Maven2 -->
    </test> <!-- Default test -->
  </suite> <!-- Default suite -->
</testng-results>
